<?xml version="1.0" encoding="UTF-8"?>
<!-- Generated by org.testng.reporters.JUnitXMLReporter -->
<testsuite hostname="macbooks-Air.home" ignored="0" name="Default test" tests="4" failures="0" timestamp="04 Mar 2020 02:18:14 GMT" time="37.867" errors="0">
  <testcase name="getTitle" time="0.107" classname="com.hubspot.tests.LoginPageTest"/>
  <testcase name="loginTest1" time="1.703" classname="com.hubspot.tests.LoginPageTest"/>
  <testcase name="loginTest2" time="1.706" classname="com.hubspot.tests.LoginPageTest"/>
  <testcase name="loginTest3" time="1.686" classname="com.hubspot.tests.LoginPageTest"/>
</testsuite> <!-- Default test -->
